#
# There is insufficient memory for the Java Runtime Environment to continue.
# Native memory allocation (mmap) failed to map 199229440 bytes for G1 virtual space
# Possible reasons:
#   The system is out of physical RAM or swap space
#   The process is running with CompressedOops enabled, and the Java Heap may be blocking the growth of the native heap
# Possible solutions:
#   Reduce memory load on the system
#   Increase physical memory or swap space
#   Check if swap backing store is full
#   Decrease Java heap size (-Xmx/-Xms)
#   Decrease number of Java threads
#   Decrease Java thread stack sizes (-Xss)
#   Set larger code cache with -XX:ReservedCodeCacheSize=
#   JVM is running with Zero Based Compressed Oops mode in which the Java heap is
#     placed in the first 32GB address space. The Java Heap base address is the
#     maximum limit for the native heap growth. Please use -XX:HeapBaseMinAddress
#     to set the Java Heap base and to place the Java Heap above 32GB virtual address.
# This output file may be truncated or incomplete.
#
#  Out of Memory Error (os_windows.cpp:3613), pid=17340, tid=9516
#
# JRE version:  (17.0.10+7) (build )
# Java VM: OpenJDK 64-Bit Server VM (17.0.10+7-LTS, mixed mode, sharing, tiered, compressed oops, compressed class ptrs, g1 gc, windows-amd64)
# No core dump will be written. Minidumps are not enabled by default on client versions of Windows
#

---------------  S U M M A R Y ------------

Command Line: -Dfile.encoding=utf8 c:\Users\user\.vscode\extensions\vscjava.vscode-gradle-3.13.5\lib\gradle-language-server.jar

Host: Intel(R) Core(TM) i3-8100 CPU @ 3.60GHz, 4 cores, 11G,  Windows 10 , 64 bit Build 19041 (10.0.19041.3636)
Time: Thu May  2 17:27:57 2024 India Standard Time elapsed time: 0.025067 seconds (0d 0h 0m 0s)

---------------  T H R E A D  ---------------

Current thread (0x0000026270abd470):  JavaThread "Unknown thread" [_thread_in_vm, id=9516, stack(0x000000b77c100000,0x000000b77c200000)]

Stack: [0x000000b77c100000,0x000000b77c200000]
Native frames: (J=compiled Java code, j=interpreted, Vv=VM code, C=native code)
V  [jvm.dll+0x67f829]
V  [jvm.dll+0x83750a]
V  [jvm.dll+0x838fce]
V  [jvm.dll+0x839633]
V  [jvm.dll+0x247cbf]
V  [jvm.dll+0x67c669]
V  [jvm.dll+0x6710da]
V  [jvm.dll+0x309b8b]
V  [jvm.dll+0x311036]
V  [jvm.dll+0x360d5e]
V  [jvm.dll+0x360f8f]
V  [jvm.dll+0x2e0798]
V  [jvm.dll+0x2e1704]
V  [jvm.dll+0x808d91]
V  [jvm.dll+0x36ec11]
V  [jvm.dll+0x7e7826]
V  [jvm.dll+0x3f245f]
V  [jvm.dll+0x3f4091]
C  [jli.dll+0x528f]
C  [ucrtbase.dll+0x21bb2]
C  [KERNEL32.DLL+0x17344]
C  [ntdll.dll+0x526b1]


---------------  P R O C E S S  ---------------

Threads class SMR info:
_java_thread_list=0x00007ff977851ed8, length=0, elements={
}

Java Threads: ( => current thread )

Other Threads:
  0x0000026270b14910 GCTaskThread "GC Thread#0" [stack: 0x000000b77c200000,0x000000b77c300000] [id=10280]
  0x0000026270b21570 ConcurrentGCThread "G1 Main Marker" [stack: 0x000000b77c300000,0x000000b77c400000] [id=17616]
  0x0000026270b21f90 ConcurrentGCThread "G1 Conc#0" [stack: 0x000000b77c400000,0x000000b77c500000] [id=18224]

[error occurred during error reporting (printing all threads), id 0xc0000005, EXCEPTION_ACCESS_VIOLATION (0xc0000005) at pc=0x00007ff9770111d7]

VM state: not at safepoint (not fully initialized)

VM Mutex/Monitor currently owned by a thread:  ([mutex/lock_event])
[0x0000026270ab7f50] Heap_lock - owner thread: 0x0000026270abd470

Heap address: 0x0000000742e00000, size: 3026 MB, Compressed Oops mode: Zero based, Oop shift amount: 3

CDS archive(s) mapped at: [0x0000000000000000-0x0000000000000000-0x0000000000000000), size 0, SharedBaseAddress: 0x0000000800000000, ArchiveRelocationMode: 1.
Narrow klass base: 0x0000000000000000, Narrow klass shift: 0, Narrow klass range: 0x0

GC Precious Log:
<Empty>

Heap:
 garbage-first heap   total 0K, used 0K [0x0000000742e00000, 0x0000000800000000)
  region size 2048K, 0 young (0K), 0 survivors (0K)

[error occurred during error reporting (printing heap information), id 0xc0000005, EXCEPTION_ACCESS_VIOLATION (0xc0000005) at pc=0x00007ff9773f9869]

GC Heap History (0 events):
No events

Dll operation events (1 events):
Event: 0.020 Loaded shared library C:\Program Files\Microsoft\jdk-17.0.10.7-hotspot\bin\java.dll

Deoptimization events (0 events):
No events

Classes unloaded (0 events):
No events

Classes redefined (0 events):
No events

Internal exceptions (0 events):
No events

VM Operations (0 events):
No events

Events (0 events):
No events


Dynamic libraries:
0x00007ff6aa990000 - 0x00007ff6aa99e000 	C:\Program Files\Microsoft\jdk-17.0.10.7-hotspot\bin\java.exe
0x00007ff9ee9d0000 - 0x00007ff9eebc8000 	C:\Windows\SYSTEM32\ntdll.dll
0x00007ff9ed900000 - 0x00007ff9ed9bd000 	C:\Windows\System32\KERNEL32.DLL
0x00007ff9ec370000 - 0x00007ff9ec666000 	C:\Windows\System32\KERNELBASE.dll
0x00007ff9ec0b0000 - 0x00007ff9ec1b0000 	C:\Windows\System32\ucrtbase.dll
0x00007ff9c59b0000 - 0x00007ff9c59c7000 	C:\Program Files\Microsoft\jdk-17.0.10.7-hotspot\bin\jli.dll
0x00007ff9ee790000 - 0x00007ff9ee92f000 	C:\Windows\System32\USER32.dll
0x00007ff9ec080000 - 0x00007ff9ec0a2000 	C:\Windows\System32\win32u.dll
0x00007ff9ecad0000 - 0x00007ff9ecafb000 	C:\Windows\System32\GDI32.dll
0x00007ff9ec670000 - 0x00007ff9ec787000 	C:\Windows\System32\gdi32full.dll
0x00007ff9ec790000 - 0x00007ff9ec82d000 	C:\Windows\System32\msvcp_win.dll
0x00007ff9beeb0000 - 0x00007ff9beecb000 	C:\Program Files\Microsoft\jdk-17.0.10.7-hotspot\bin\VCRUNTIME140.dll
0x00007ff9d3ac0000 - 0x00007ff9d3d5a000 	C:\Windows\WinSxS\amd64_microsoft.windows.common-controls_6595b64144ccf1df_6.0.19041.3636_none_60b6a03d71f818d5\COMCTL32.dll
0x00007ff9ee270000 - 0x00007ff9ee30e000 	C:\Windows\System32\msvcrt.dll
0x00007ff9ee420000 - 0x00007ff9ee452000 	C:\Windows\System32\IMM32.DLL
0x00007ff9cdee0000 - 0x00007ff9cdeec000 	C:\Program Files\Microsoft\jdk-17.0.10.7-hotspot\bin\vcruntime140_1.dll
0x00007ff9bc1f0000 - 0x00007ff9bc27d000 	C:\Program Files\Microsoft\jdk-17.0.10.7-hotspot\bin\msvcp140.dll
0x00007ff976d20000 - 0x00007ff977985000 	C:\Program Files\Microsoft\jdk-17.0.10.7-hotspot\bin\server\jvm.dll
0x00007ff9ee130000 - 0x00007ff9ee1e0000 	C:\Windows\System32\ADVAPI32.dll
0x00007ff9ecc90000 - 0x00007ff9ecd30000 	C:\Windows\System32\sechost.dll
0x00007ff9ecb60000 - 0x00007ff9ecc83000 	C:\Windows\System32\RPCRT4.dll
0x00007ff9ec1b0000 - 0x00007ff9ec1d7000 	C:\Windows\System32\bcrypt.dll
0x00007ff9ebee0000 - 0x00007ff9ebf2b000 	C:\Windows\SYSTEM32\POWRPROF.dll
0x00007ff9e7cf0000 - 0x00007ff9e7cf9000 	C:\Windows\SYSTEM32\WSOCK32.dll
0x00007ff9ee610000 - 0x00007ff9ee67b000 	C:\Windows\System32\WS2_32.dll
0x00007ff9d4f50000 - 0x00007ff9d4f77000 	C:\Windows\SYSTEM32\WINMM.dll
0x00007ff9e6020000 - 0x00007ff9e602a000 	C:\Windows\SYSTEM32\VERSION.dll
0x00007ff9ebe10000 - 0x00007ff9ebe22000 	C:\Windows\SYSTEM32\UMPDC.dll
0x00007ff9e9ef0000 - 0x00007ff9e9f02000 	C:\Windows\SYSTEM32\kernel.appcore.dll
0x00007ff9cd300000 - 0x00007ff9cd30a000 	C:\Program Files\Microsoft\jdk-17.0.10.7-hotspot\bin\jimage.dll
0x00007ff9d40a0000 - 0x00007ff9d4284000 	C:\Windows\SYSTEM32\DBGHELP.DLL
0x00007ff9d4480000 - 0x00007ff9d44b4000 	C:\Windows\SYSTEM32\dbgcore.DLL
0x00007ff9ec230000 - 0x00007ff9ec2b2000 	C:\Windows\System32\bcryptPrimitives.dll
0x00007ff9bc7d0000 - 0x00007ff9bc7f5000 	C:\Program Files\Microsoft\jdk-17.0.10.7-hotspot\bin\java.dll

dbghelp: loaded successfully - version: 4.0.5 - missing functions: none
symbol engine: initialized successfully - sym options: 0x614 - pdb path: .;C:\Program Files\Microsoft\jdk-17.0.10.7-hotspot\bin;C:\Windows\SYSTEM32;C:\Windows\WinSxS\amd64_microsoft.windows.common-controls_6595b64144ccf1df_6.0.19041.3636_none_60b6a03d71f818d5;C:\Program Files\Microsoft\jdk-17.0.10.7-hotspot\bin\server

VM Arguments:
jvm_args: -Dfile.encoding=utf8 
java_command: c:\Users\user\.vscode\extensions\vscjava.vscode-gradle-3.13.5\lib\gradle-language-server.jar
java_class_path (initial): c:\Users\user\.vscode\extensions\vscjava.vscode-gradle-3.13.5\lib\gradle-language-server.jar
Launcher Type: SUN_STANDARD

[Global flags]
     intx CICompilerCount                          = 3                                         {product} {ergonomic}
     uint ConcGCThreads                            = 1                                         {product} {ergonomic}
     uint G1ConcRefinementThreads                  = 4                                         {product} {ergonomic}
   size_t G1HeapRegionSize                         = 2097152                                   {product} {ergonomic}
    uintx GCDrainStackTargetSize                   = 64                                        {product} {ergonomic}
   size_t InitialHeapSize                          = 199229440                                 {product} {ergonomic}
   size_t MarkStackSize                            = 4194304                                   {product} {ergonomic}
   size_t MaxHeapSize                              = 3172990976                                {product} {ergonomic}
   size_t MinHeapDeltaBytes                        = 2097152                                   {product} {ergonomic}
   size_t MinHeapSize                              = 8388608                                   {product} {ergonomic}
    uintx NonNMethodCodeHeapSize                   = 5832780                                {pd product} {ergonomic}
    uintx NonProfiledCodeHeapSize                  = 122912730                              {pd product} {ergonomic}
    uintx ProfiledCodeHeapSize                     = 122912730                              {pd product} {ergonomic}
    uintx ReservedCodeCacheSize                    = 251658240                              {pd product} {ergonomic}
     bool SegmentedCodeCache                       = true                                      {product} {ergonomic}
   size_t SoftMaxHeapSize                          = 3172990976                             {manageable} {ergonomic}
     bool UseCompressedClassPointers               = true                           {product lp64_product} {ergonomic}
     bool UseCompressedOops                        = true                           {product lp64_product} {ergonomic}
     bool UseG1GC                                  = true                                      {product} {ergonomic}
     bool UseLargePagesIndividualAllocation        = false                                  {pd product} {ergonomic}

Logging:
Log output configuration:
 #0: stdout all=warning uptime,level,tags
 #1: stderr all=off uptime,level,tags

Environment Variables:
JAVA_HOME=C:\Program Files\Microsoft\jdk-17.0.10.7-hotspot
PATH=C:\Program Files\Microsoft\jdk-17.0.10.7-hotspot\bin;C:\Windows\system32;C:\Windows;C:\Windows\System32\Wbem;C:\Windows\System32\WindowsPowerShell\v1.0\;C:\Windows\System32\OpenSSH\;C:\ProgramData\chocolatey\bin;C:\Program Files\nodejs\;C:\Program Files\TortoiseGit\bin;C:\Program Files\Git\cmd;C:\Users\user\AppData\Local\Android\Sdk;C:\Users\user\AppData\Roaming\npm;C:\Users\user\AppData\Local\Android\Sdk\tools;C:\Users\user\AppData\Local\Android\Sdk\platform-tools;C:\Users\user\AppData\Local\Android\Sdk\emulator;C:\Users\user\AppData\Local\Android\Sdk\cmdline-tools\bin;C:\Users\user\AppData\Local\Android\Sdk\cmdline-tools;C:\Users\user\AppData\Local\Android\Sdk\tools;C:\Program Files\nodejs;C:\Users\user\AppData\Roaming\npm;C:\Users\user\AppData\Local\Android\Sdk;C:\Users\user\AppData\Local\Android\Sdk\platform-tools;C:\Users\user\AppData\Local\Android\Sdk\emulator;C:\Users\user\AppData\Local\Android\Sdk\cmdline-tools;C:\Users\user\AppData\Local\Android\Sdk\cmdline-tools\bin;
USERNAME=user
OS=Windows_NT
PROCESSOR_IDENTIFIER=Intel64 Family 6 Model 158 Stepping 11, GenuineIntel
TMP=C:\Users\user\AppData\Local\Temp
TEMP=C:\Users\user\AppData\Local\Temp



Periodic native trim disabled


---------------  S Y S T E M  ---------------

OS:
 Windows 10 , 64 bit Build 19041 (10.0.19041.3636)
OS uptime: 0 days 8:12 hours
Hyper-V role detected

CPU: total 4 (initial active 4) (4 cores per cpu, 1 threads per core) family 6 model 158 stepping 11 microcode 0xea, cx8, cmov, fxsr, mmx, 3dnowpref, sse, sse2, sse3, ssse3, sse4.1, sse4.2, popcnt, lzcnt, tsc, tscinvbit, avx, avx2, aes, erms, clmul, bmi1, bmi2, adx, fma, vzeroupper, clflush, clflushopt, hv
Processor Information for all 4 processors :
  Max Mhz: 3600, Current Mhz: 3600, Mhz Limit: 3600

Memory: 4k page, system-wide physical 12102M (225M free)
TotalPageFile size 28140M (AvailPageFile size 133M)
current process WorkingSet (physical memory assigned to process): 10M, peak: 10M
current process commit charge ("private bytes"): 51M, peak: 241M

vm_info: OpenJDK 64-Bit Server VM (17.0.10+7-LTS) for windows-amd64 JRE (17.0.10+7-LTS), built on Jan 10 2024 19:47:12 by "MicrosoftCorporation" with MS VC++ 16.10 / 16.11 (VS2019)

END.
